Added Component: Designator=C1(cap33n63v)
Added Component: Designator=C2(cap33n63v)
Added Component: Designator=C3(cap33n63v)
Added Component: Designator=C4(cap33n63v)
Added Component: Designator=C5(cap33n63v)
Added Component: Designator=C6(cap33n63v)
Added Component: Designator=C7(cap33n63v)
Added Component: Designator=C8(cap33n63v)
Added Component: Designator=C9(cap33n63v)
Added Component: Designator=C10(cap33n63v)
Added Component: Designator=C11(cap33n63v)
Added Component: Designator=C12(cap100n)
Added Component: Designator=C13(cap1000u25v)
Added Component: Designator=C14(cap100n)
Added Component: Designator=C15(cap2200u25v)
Added Component: Designator=C16(cap33n63v)
Added Component: Designator=C17(cap100n)
Added Component: Designator=C18(cap100n)
Added Component: Designator=C19(cap100u35v)
Added Component: Designator=C20(cap470u50v)
Added Component: Designator=C21(cap100n)
Added Component: Designator=D1(DO-41)
Added Component: Designator=D2(DO-41)
Added Component: Designator=D3(LED-3MM-BLUE)
Added Component: Designator=D4(LED-3MM-BLUE)
Added Component: Designator=D5(LED-3MM-BLUE)
Added Component: Designator=D6(LED-3MM-BLUE)
Added Component: Designator=J3(HDR1X2)
Added Component: Designator=L1(Inductor)
Added Component: Designator=L2(Inductor)
Added Component: Designator=L3(Inductor)
Added Component: Designator=L4(Inductor)
Added Component: Designator=L5(Inductor)
Added Component: Designator=L6(Inductor)
Added Component: Designator=P1(HDR1X3)
Added Component: Designator=P2(HDR1X2)
Added Component: Designator=R1(RESTH_AXIAL-0.4)
Added Component: Designator=R2(RESTH_AXIAL-0.4)
Added Component: Designator=R3(RESTH_AXIAL-0.4)
Added Component: Designator=R4(RESTH_AXIAL-0.4)
Added Component: Designator=R5(RESTH_AXIAL-0.4)
Added Component: Designator=R6(RESTH_AXIAL-0.4)
Added Component: Designator=R7(RESTH_AXIAL-0.4)
Added Component: Designator=R8(RESTH_AXIAL-0.4)
Added Component: Designator=R9(RESTH_AXIAL-0.4)
Added Component: Designator=R10(RESTH_AXIAL-0.4)
Added Component: Designator=R11(RESTH_AXIAL-0.4)
Added Component: Designator=R12(RESTH_AXIAL-0.4)
Added Component: Designator=R13(RESTH_AXIAL-0.4)
Added Component: Designator=R14(RESTH_AXIAL-0.4)
Added Component: Designator=R15(RESTH_AXIAL-0.4)
Added Component: Designator=R16(RESTH_AXIAL-0.4)
Added Component: Designator=R17(RESTH_AXIAL-0.4)
Added Component: Designator=R18(RESTH_AXIAL-0.4)
Added Component: Designator=R19(RESTH_AXIAL-0.4)
Added Component: Designator=R20(RESTH_AXIAL-0.4)
Added Component: Designator=R21(RESTH_AXIAL-0.4)
Added Component: Designator=R22(RESTH_AXIAL-0.4)
Added Component: Designator=R23(RESTH_AXIAL-0.4)
Added Component: Designator=R24(RESTH_AXIAL-0.4)
Added Component: Designator=R25(RESTH_AXIAL-0.4)
Added Component: Designator=R26(RESTH_AXIAL-0.4)
Added Component: Designator=R27(RESTH_AXIAL-0.4)
Added Component: Designator=R28(RESTH_AXIAL-0.4)
Added Component: Designator=R29(RESTH_AXIAL-0.4)
Added Component: Designator=R30B(RESTH_AXIAL-0.4)
Added Component: Designator=R30(RESTH_AXIAL-0.4)
Added Component: Designator=R31(RESTH_AXIAL-0.4)
Added Component: Designator=R32(RESTH_AXIAL-0.4)
Added Component: Designator=R33(RESTH_AXIAL-0.4)
Added Component: Designator=R34(RESTH_AXIAL-0.4)
Added Component: Designator=R35(RESTH_AXIAL-0.4)
Added Component: Designator=R36(RESTH_AXIAL-0.4)
Added Component: Designator=R37(RESTH_AXIAL-0.4)
Added Component: Designator=R38(RESTH_AXIAL-0.4)
Added Component: Designator=U1(DIP8-300)
Added Component: Designator=U2(Z03A)
Added Component: Designator=U3(J014)
Added Component: Designator=U4(LA150-P)
Added Component: Designator=U5(J014)
Added Component: Designator=U6(LA150-P)
Added Component: Designator=U7(LV20-P)
Added Component: Designator=U8(T03B)
Added Component: Designator=U9(T05A)
Added Component: Designator=U10(T05A)
Added Pin To Net: NetName=+12V Pin=C11-2
Added Pin To Net: NetName=+12V Pin=C14-2
Added Pin To Net: NetName=+12V Pin=C18-2
Added Pin To Net: NetName=+12V Pin=C19-2
Added Pin To Net: NetName=+12V Pin=J3-2
Added Pin To Net: NetName=+12V Pin=L1-1
Added Pin To Net: NetName=+12V Pin=R35-2
Added Pin To Net: NetName=+12V Pin=U8-1
Added Pin To Net: NetName=+12V Pin=U9-5
Added Pin To Net: NetName=+12V Pin=U10-1
Added Net: Name=+12V
Added Pin To Net: NetName=+15V Pin=C15-2
Added Pin To Net: NetName=+15V Pin=C17-2
Added Pin To Net: NetName=+15V Pin=P1-3
Added Pin To Net: NetName=+15V Pin=R36-2
Added Pin To Net: NetName=+15V Pin=U2-1
Added Pin To Net: NetName=+15V Pin=U3-4
Added Pin To Net: NetName=+15V Pin=U4-3
Added Pin To Net: NetName=+15V Pin=U5-4
Added Pin To Net: NetName=+15V Pin=U6-3
Added Pin To Net: NetName=+15V Pin=U7-2
Added Pin To Net: NetName=+15V Pin=U9-2
Added Net: Name=+15V
Added Pin To Net: NetName=-15V Pin=C20-1
Added Pin To Net: NetName=-15V Pin=C21-1
Added Pin To Net: NetName=-15V Pin=R34-1
Added Pin To Net: NetName=-15V Pin=R37-2
Added Pin To Net: NetName=-15V Pin=U3-11
Added Pin To Net: NetName=-15V Pin=U4-2
Added Pin To Net: NetName=-15V Pin=U5-11
Added Pin To Net: NetName=-15V Pin=U6-2
Added Pin To Net: NetName=-15V Pin=U7-1
Added Pin To Net: NetName=-15V Pin=U10-3
Added Net: Name=-15V
Added Net: Name=3V3
Added Pin To Net: NetName=5V Pin=C12-2
Added Pin To Net: NetName=5V Pin=C13-2
Added Pin To Net: NetName=5V Pin=R38-2
Added Pin To Net: NetName=5V Pin=U1-8
Added Pin To Net: NetName=5V Pin=U8-3
Added Net: Name=5V
Added Pin To Net: NetName=AD0 Pin=R2-1
Added Pin To Net: NetName=AD0 Pin=U1-7
Added Pin To Net: NetName=AD0 Pin=U3-1
Added Net: Name=AD0
Added Pin To Net: NetName=AD1 Pin=R10-1
Added Pin To Net: NetName=AD1 Pin=U1-6
Added Pin To Net: NetName=AD1 Pin=U3-8
Added Net: Name=AD1
Added Pin To Net: NetName=AD2 Pin=C8-2
Added Pin To Net: NetName=AD2 Pin=R22-2
Added Pin To Net: NetName=AD2 Pin=U1-5
Added Pin To Net: NetName=AD2 Pin=U5-8
Added Net: Name=AD2
Added Pin To Net: NetName=AD3 Pin=C3-2
Added Pin To Net: NetName=AD3 Pin=R8-2
Added Pin To Net: NetName=AD3 Pin=U1-4
Added Pin To Net: NetName=AD3 Pin=U5-1
Added Net: Name=AD3
Added Pin To Net: NetName=AD4 Pin=C7-2
Added Pin To Net: NetName=AD4 Pin=R21-2
Added Pin To Net: NetName=AD4 Pin=U1-3
Added Pin To Net: NetName=AD4 Pin=U5-7
Added Net: Name=AD4
Added Pin To Net: NetName=AD5 Pin=U1-2
Added Net: Name=AD5
Added Pin To Net: NetName=GND Pin=C2-2
Added Pin To Net: NetName=GND Pin=C5-2
Added Pin To Net: NetName=GND Pin=C6-2
Added Pin To Net: NetName=GND Pin=C9-2
Added Pin To Net: NetName=GND Pin=C10-2
Added Pin To Net: NetName=GND Pin=C11-1
Added Pin To Net: NetName=GND Pin=C12-1
Added Pin To Net: NetName=GND Pin=C13-1
Added Pin To Net: NetName=GND Pin=C14-1
Added Pin To Net: NetName=GND Pin=C15-1
Added Pin To Net: NetName=GND Pin=C16-1
Added Pin To Net: NetName=GND Pin=C17-1
Added Pin To Net: NetName=GND Pin=C19-1
Added Pin To Net: NetName=GND Pin=C20-2
Added Pin To Net: NetName=GND Pin=C21-2
Added Pin To Net: NetName=GND Pin=D3-K
Added Pin To Net: NetName=GND Pin=D4-K
Added Pin To Net: NetName=GND Pin=D5-A
Added Pin To Net: NetName=GND Pin=D6-K
Added Pin To Net: NetName=GND Pin=J3-1
Added Pin To Net: NetName=GND Pin=L6-2
Added Pin To Net: NetName=GND Pin=P1-1
Added Pin To Net: NetName=GND Pin=R3-1
Added Pin To Net: NetName=GND Pin=R6-2
Added Pin To Net: NetName=GND Pin=R7-2
Added Pin To Net: NetName=GND Pin=R11-1
Added Pin To Net: NetName=GND Pin=R12-1
Added Pin To Net: NetName=GND Pin=R15-2
Added Pin To Net: NetName=GND Pin=R16-2
Added Pin To Net: NetName=GND Pin=R18-2
Added Pin To Net: NetName=GND Pin=R19-2
Added Pin To Net: NetName=GND Pin=R20-2
Added Pin To Net: NetName=GND Pin=R23-1
Added Pin To Net: NetName=GND Pin=R24-1
Added Pin To Net: NetName=GND Pin=R26-2
Added Pin To Net: NetName=GND Pin=R27-2
Added Pin To Net: NetName=GND Pin=R28-2
Added Pin To Net: NetName=GND Pin=R30-2
Added Pin To Net: NetName=GND Pin=R30B-2
Added Pin To Net: NetName=GND Pin=R31-2
Added Pin To Net: NetName=GND Pin=U1-1
Added Pin To Net: NetName=GND Pin=U2-3
Added Pin To Net: NetName=GND Pin=U8-2
Added Pin To Net: NetName=GND Pin=U9-3
Added Pin To Net: NetName=GND Pin=U10-4
Added Net: Name=GND
Added Net: Name=IO0
Added Net: Name=IO1
Added Net: Name=IO2
Added Net: Name=IO3
Added Net: Name=IO4
Added Net: Name=IO5
Added Net: Name=IO6
Added Net: Name=IO7
Added Net: Name=IOREF
Added Net: Name=MISO
Added Net: Name=MOSI
Added Pin To Net: NetName=NetC1_1 Pin=C1-1
Added Pin To Net: NetName=NetC1_1 Pin=R1-1
Added Pin To Net: NetName=NetC1_1 Pin=R3-2
Added Pin To Net: NetName=NetC1_1 Pin=U3-6
Added Net: Name=NetC1_1
Added Pin To Net: NetName=NetC1_2 Pin=C1-2
Added Pin To Net: NetName=NetC1_2 Pin=R1-2
Added Pin To Net: NetName=NetC1_2 Pin=R4-2
Added Pin To Net: NetName=NetC1_2 Pin=U3-7
Added Net: Name=NetC1_2
Added Pin To Net: NetName=NetC2_1 Pin=C2-1
Added Pin To Net: NetName=NetC2_1 Pin=R5-2
Added Pin To Net: NetName=NetC2_1 Pin=R7-1
Added Pin To Net: NetName=NetC2_1 Pin=U3-5
Added Net: Name=NetC2_1
Added Pin To Net: NetName=NetC3_1 Pin=C3-1
Added Pin To Net: NetName=NetC3_1 Pin=R8-1
Added Pin To Net: NetName=NetC3_1 Pin=R11-2
Added Pin To Net: NetName=NetC3_1 Pin=U5-2
Added Net: Name=NetC3_1
Added Pin To Net: NetName=NetC4_1 Pin=C4-1
Added Pin To Net: NetName=NetC4_1 Pin=R9-1
Added Pin To Net: NetName=NetC4_1 Pin=R12-2
Added Pin To Net: NetName=NetC4_1 Pin=U3-13
Added Net: Name=NetC4_1
Added Pin To Net: NetName=NetC4_2 Pin=C4-2
Added Pin To Net: NetName=NetC4_2 Pin=R9-2
Added Pin To Net: NetName=NetC4_2 Pin=R13-2
Added Pin To Net: NetName=NetC4_2 Pin=U3-14
Added Net: Name=NetC4_2
Added Pin To Net: NetName=NetC5_1 Pin=C5-1
Added Pin To Net: NetName=NetC5_1 Pin=R14-2
Added Pin To Net: NetName=NetC5_1 Pin=R18-1
Added Pin To Net: NetName=NetC5_1 Pin=U5-3
Added Net: Name=NetC5_1
Added Pin To Net: NetName=NetC6_1 Pin=C6-1
Added Pin To Net: NetName=NetC6_1 Pin=R17-2
Added Pin To Net: NetName=NetC6_1 Pin=R20-1
Added Pin To Net: NetName=NetC6_1 Pin=U3-12
Added Net: Name=NetC6_1
Added Pin To Net: NetName=NetC7_1 Pin=C7-1
Added Pin To Net: NetName=NetC7_1 Pin=R21-1
Added Pin To Net: NetName=NetC7_1 Pin=R23-2
Added Pin To Net: NetName=NetC7_1 Pin=U5-6
Added Net: Name=NetC7_1
Added Pin To Net: NetName=NetC8_1 Pin=C8-1
Added Pin To Net: NetName=NetC8_1 Pin=R22-1
Added Pin To Net: NetName=NetC8_1 Pin=R24-2
Added Pin To Net: NetName=NetC8_1 Pin=U5-9
Added Net: Name=NetC8_1
Added Pin To Net: NetName=NetC9_1 Pin=C9-1
Added Pin To Net: NetName=NetC9_1 Pin=R25-2
Added Pin To Net: NetName=NetC9_1 Pin=R28-1
Added Pin To Net: NetName=NetC9_1 Pin=U5-5
Added Net: Name=NetC9_1
Added Pin To Net: NetName=NetC10_1 Pin=C10-1
Added Pin To Net: NetName=NetC10_1 Pin=R29-2
Added Pin To Net: NetName=NetC10_1 Pin=R31-1
Added Pin To Net: NetName=NetC10_1 Pin=U5-10
Added Net: Name=NetC10_1
Added Pin To Net: NetName=NetC16_2 Pin=C16-2
Added Pin To Net: NetName=NetC16_2 Pin=R32-2
Added Net: Name=NetC16_2
Added Pin To Net: NetName=NetC18_1 Pin=C18-1
Added Pin To Net: NetName=NetC18_1 Pin=R33-1
Added Net: Name=NetC18_1
Added Pin To Net: NetName=NetD1_A Pin=L3-2
Added Pin To Net: NetName=NetD1_A Pin=U9-4
Added Net: Name=NetD1_A
Added Pin To Net: NetName=NetD2_K Pin=L4-1
Added Pin To Net: NetName=NetD2_K Pin=U10-2
Added Net: Name=NetD2_K
Added Pin To Net: NetName=NetD3_A Pin=D3-A
Added Pin To Net: NetName=NetD3_A Pin=R35-1
Added Net: Name=NetD3_A
Added Pin To Net: NetName=NetD4_A Pin=D4-A
Added Pin To Net: NetName=NetD4_A Pin=R36-1
Added Net: Name=NetD4_A
Added Pin To Net: NetName=NetD5_K Pin=D5-K
Added Pin To Net: NetName=NetD5_K Pin=R37-1
Added Net: Name=NetD5_K
Added Pin To Net: NetName=NetD6_A Pin=D6-A
Added Pin To Net: NetName=NetD6_A Pin=R38-1
Added Net: Name=NetD6_A
Added Pin To Net: NetName=NetL1_2 Pin=L1-2
Added Pin To Net: NetName=NetL1_2 Pin=L2-1
Added Net: Name=NetL1_2
Added Pin To Net: NetName=NetL2_2 Pin=L2-2
Added Pin To Net: NetName=NetL2_2 Pin=L3-1
Added Net: Name=NetL2_2
Added Pin To Net: NetName=NetL4_2 Pin=L4-2
Added Pin To Net: NetName=NetL4_2 Pin=L5-1
Added Net: Name=NetL4_2
Added Pin To Net: NetName=NetL5_2 Pin=L5-2
Added Pin To Net: NetName=NetL5_2 Pin=L6-1
Added Net: Name=NetL5_2
Added Pin To Net: NetName=NetP1_2 Pin=P1-2
Added Pin To Net: NetName=NetP1_2 Pin=R17-1
Added Net: Name=NetP1_2
Added Pin To Net: NetName=NetP2_1 Pin=P2-1
Added Pin To Net: NetName=NetP2_1 Pin=U7-5
Added Net: Name=NetP2_1
Added Pin To Net: NetName=NetP2_2 Pin=P2-2
Added Pin To Net: NetName=NetP2_2 Pin=U7-4
Added Net: Name=NetP2_2
Added Pin To Net: NetName=NetR2_2 Pin=R2-2
Added Pin To Net: NetName=NetR2_2 Pin=R6-1
Added Pin To Net: NetName=NetR2_2 Pin=U3-2
Added Net: Name=NetR2_2
Added Pin To Net: NetName=NetR4_1 Pin=R4-1
Added Pin To Net: NetName=NetR4_1 Pin=U3-3
Added Net: Name=NetR4_1
Added Pin To Net: NetName=NetR5_1 Pin=R5-1
Added Pin To Net: NetName=NetR5_1 Pin=U2-2
Added Net: Name=NetR5_1
Added Pin To Net: NetName=NetR10_2 Pin=R10-2
Added Pin To Net: NetName=NetR10_2 Pin=R19-1
Added Pin To Net: NetName=NetR10_2 Pin=U3-9
Added Net: Name=NetR10_2
Added Pin To Net: NetName=NetR13_1 Pin=R13-1
Added Pin To Net: NetName=NetR13_1 Pin=U3-10
Added Net: Name=NetR13_1
Added Pin To Net: NetName=NetR14_1 Pin=R14-1
Added Pin To Net: NetName=NetR14_1 Pin=R15-1
Added Pin To Net: NetName=NetR14_1 Pin=R16-1
Added Pin To Net: NetName=NetR14_1 Pin=U4-1
Added Net: Name=NetR14_1
Added Pin To Net: NetName=NetR25_1 Pin=R25-1
Added Pin To Net: NetName=NetR25_1 Pin=R26-1
Added Pin To Net: NetName=NetR25_1 Pin=R27-1
Added Pin To Net: NetName=NetR25_1 Pin=U6-1
Added Net: Name=NetR25_1
Added Pin To Net: NetName=NetR29_1 Pin=R29-1
Added Pin To Net: NetName=NetR29_1 Pin=R30-1
Added Pin To Net: NetName=NetR29_1 Pin=R30B-1
Added Pin To Net: NetName=NetR29_1 Pin=U7-3
Added Net: Name=NetR29_1
Added Pin To Net: NetName=NetR32_1 Pin=R32-1
Added Pin To Net: NetName=NetR32_1 Pin=U9-1
Added Net: Name=NetR32_1
Added Pin To Net: NetName=NetR33_2 Pin=R33-2
Added Pin To Net: NetName=NetR33_2 Pin=R34-2
Added Pin To Net: NetName=NetR33_2 Pin=U10-5
Added Net: Name=NetR33_2
Added Net: Name=RESET
Added Net: Name=SCK
Added Net: Name=VIN
Added Class: Name=arduinoshield
Added Class: Name=sensor
Added Class: Name=supplies
Added Room: Name=arduinoshield
Added Room: Name=sensor
Added Room: Name=supplies
